<?xml version="1.0" encoding="UTF-8"?>
<!-- Generated by org.testng.reporters.JUnitReportReporter -->
<testsuite skipped="0" hostname="din51003328" name="com.cg.project.test.UnitTestForGoogleChrome" tests="2" failures="0" timestamp="08 Jun 2018 10:19:54 GMT" time="45.783" errors="0">
  <testcase name="testWebPage" time="23.146" classname="com.cg.project.test.UnitTestForGoogleChrome"/>
  <testcase name="testWebPage" time="22.637" classname="com.cg.project.test.UnitTestForGoogleChrome"/>
</testsuite> <!-- com.cg.project.test.UnitTestForGoogleChrome -->
